[debug] [2025-04-27T19:55:01.453Z] ----------------------------------------------------------------------
[debug] [2025-04-27T19:55:01.457Z] Command:       /nix/store/56fk3hhkk2lw9q5wdlq0v1ns65scwja4-nodejs-20.19.0/bin/node /home/user/.global_modules/bin/firebase init
[debug] [2025-04-27T19:55:01.457Z] CLI Version:   14.2.1
[debug] [2025-04-27T19:55:01.457Z] Platform:      linux
[debug] [2025-04-27T19:55:01.457Z] Node Version:  v20.19.0
[debug] [2025-04-27T19:55:01.458Z] Time:          Sun Apr 27 2025 19:55:01 GMT+0000 (Coordinated Universal Time)
[debug] [2025-04-27T19:55:01.458Z] ----------------------------------------------------------------------
[debug] 
[debug] [2025-04-27T19:55:01.465Z] > command requires scopes: ["email","openid","https://www.googleapis.com/auth/cloudplatformprojects.readonly","https://www.googleapis.com/auth/firebase","https://www.googleapis.com/auth/cloud-platform"]
[debug] [2025-04-27T19:55:01.466Z] > authorizing via signed-in user (ambikabs29@gmail.com)
[info] 
     ######## #### ########  ######## ########     ###     ######  ########
     ##        ##  ##     ## ##       ##     ##  ##   ##  ##       ##
     ######    ##  ########  ######   ########  #########  ######  ######
     ##        ##  ##    ##  ##       ##     ## ##     ##       ## ##
     ##       #### ##     ## ######## ########  ##     ##  ######  ########

You're about to initialize a Firebase project in this directory:

  /home/user/studio

[info] 
=== Project Setup
[info] 
[info] First, let's associate this project directory with a Firebase project.
[info] You can create multiple project aliases by running firebase use --add, 
[info] but for now we'll just set up a default project.
[info] 
[debug] [2025-04-27T19:55:23.502Z] Checked if tokens are valid: true, expires at: 1745785877105
[debug] [2025-04-27T19:55:23.503Z] Checked if tokens are valid: true, expires at: 1745785877105
[debug] [2025-04-27T19:55:23.509Z] >>> [apiv2][query] GET https://firebase.googleapis.com/v1beta1/projects pageSize=100
[debug] [2025-04-27T19:55:24.032Z] <<< [apiv2][status] GET https://firebase.googleapis.com/v1beta1/projects 200
[debug] [2025-04-27T19:55:24.032Z] <<< [apiv2][body] GET https://firebase.googleapis.com/v1beta1/projects [omitted]
[info] i  Using project saasible-12bb7 (SaaSible ) 
[info] 
=== Dataconnect Setup
[debug] [2025-04-27T19:55:27.772Z] Checked if tokens are valid: true, expires at: 1745785877105
[debug] [2025-04-27T19:55:27.773Z] Checked if tokens are valid: true, expires at: 1745785877105
[debug] [2025-04-27T19:55:27.773Z] >>> [apiv2][query] GET https://cloudbilling.googleapis.com/v1/projects/saasible-12bb7/billingInfo [none]
[debug] [2025-04-27T19:55:28.790Z] <<< [apiv2][status] GET https://cloudbilling.googleapis.com/v1/projects/saasible-12bb7/billingInfo 200
[debug] [2025-04-27T19:55:28.791Z] <<< [apiv2][body] GET https://cloudbilling.googleapis.com/v1/projects/saasible-12bb7/billingInfo {"name":"projects/saasible-12bb7/billingInfo","projectId":"saasible-12bb7","billingAccountName":"","billingEnabled":false}
[info] i  dataconnect: ensuring required API sqladmin.googleapis.com is enabled... 
[debug] [2025-04-27T19:55:28.792Z] Checked if tokens are valid: true, expires at: 1745785877105
[debug] [2025-04-27T19:55:28.792Z] Checked if tokens are valid: true, expires at: 1745785877105
[debug] [2025-04-27T19:55:28.792Z] >>> [apiv2][query] GET https://serviceusage.googleapis.com/v1/projects/saasible-12bb7/services/sqladmin.googleapis.com [none]
[debug] [2025-04-27T19:55:28.792Z] >>> [apiv2][(partial)header] GET https://serviceusage.googleapis.com/v1/projects/saasible-12bb7/services/sqladmin.googleapis.com x-goog-quota-user=projects/saasible-12bb7
[debug] [2025-04-27T19:55:29.822Z] <<< [apiv2][status] GET https://serviceusage.googleapis.com/v1/projects/saasible-12bb7/services/sqladmin.googleapis.com 200
[debug] [2025-04-27T19:55:29.822Z] <<< [apiv2][body] GET https://serviceusage.googleapis.com/v1/projects/saasible-12bb7/services/sqladmin.googleapis.com [omitted]
[info] ✔  dataconnect: required API sqladmin.googleapis.com is enabled 
[info] i  dataconnect/dataconnect.yaml is unchanged 
[info] i  dataconnect/schema/schema.gql is unchanged 
[info] ✔  Wrote dataconnect/connector/connector.yaml 
[info] i  dataconnect/connector/queries.gql is unchanged 
[info] i  dataconnect/connector/mutations.gql is unchanged 
[info] ✔  Detected WEB app in directory /home/user/studio 
[info] i  Detected react app. Enabling react generated SDKs. 
[info] i  Writing your new SDK configuration to /home/user/studio/dataconnect/connector/connector.yaml 
[info] ✔  Wrote dataconnect/connector/connector.yaml 
[info] I0427 19:55:57.405132   13541 codegen.go:82] [connector "default" javascriptSdk] Generating sources into "/home/user/studio/dataconnect-generated/js/default-connector"
I0427 19:55:57.504677   13541 generate.go:40] Generated all sources. Writing them to disk...
I0427 19:55:57.516250   13541 collector.go:107] connector "default" javascriptSdk wrote into "/home/user/studio/dataconnect-generated/js/default-connector"
Generated sources: esm/index.esm.js [109B] README.md [2774B] react/package.json [468B] react/README.md [5417B] angular/package.json [661B] index.d.ts [246B] esm/package.json [17B] index.cjs.js [144B] react/index.d.ts [228B] react/esm/index.esm.js [0B] angular/index.d.ts [0B] package.json [1110B] react/esm/package.json [17B] angular/index.cjs.js [1B] react/index.cjs.js [0B] angular/esm/package.json [17B] angular/esm/index.esm.js [0B] 
I0427 19:55:57.518079   13541 installsdk.go:49] Package @firebasegen/default-connector is already installed. Skipping installation

[info] i  Generated SDK code for default 
[info] i  Visit https://firebase.google.com/docs/data-connect/web-sdk#react for more information on how to set up React Generated SDKs for Firebase Data Connect 
[info] i  Run `npm i --save @angular/fire @tanstack-query-firebase/angular @tanstack/angular-query-experimental` to install angular sdk dependencies.
Visit https://github.com/invertase/tanstack-query-firebase/tree/main/packages/angular for more information on how to set up Angular Generated SDKs for Firebase Data Connect 
[info] ✔  If you'd like to add more generated SDKs to your app your later, run firebase init dataconnect:sdk again 
[info] i  If you'd like to provision a CloudSQL Postgres instance on the Firebase Data Connect no-cost trial:
1. Please upgrade to the pay-as-you-go (Blaze) billing plan. Visit the following page:
     https://console.firebase.google.com/project/saasible-12bb7/usage/details
2. Run firebase init dataconnect again to configure the Cloud SQL instance.
3. Run firebase deploy --only dataconnect to deploy your Data Connect service. 
[info] 
=== Firestore Setup
[debug] [2025-04-27T19:55:57.537Z] Checked if tokens are valid: true, expires at: 1745785877105
[debug] [2025-04-27T19:55:57.537Z] Checked if tokens are valid: true, expires at: 1745785877105
[debug] [2025-04-27T19:55:57.543Z] >>> [apiv2][query] GET https://serviceusage.googleapis.com/v1/projects/saasible-12bb7/services/firestore.googleapis.com [none]
[debug] [2025-04-27T19:55:57.543Z] >>> [apiv2][(partial)header] GET https://serviceusage.googleapis.com/v1/projects/saasible-12bb7/services/firestore.googleapis.com x-goog-quota-user=projects/saasible-12bb7
[debug] [2025-04-27T19:55:58.619Z] <<< [apiv2][status] GET https://serviceusage.googleapis.com/v1/projects/saasible-12bb7/services/firestore.googleapis.com 200
[debug] [2025-04-27T19:55:58.619Z] <<< [apiv2][body] GET https://serviceusage.googleapis.com/v1/projects/saasible-12bb7/services/firestore.googleapis.com [omitted]
[debug] [2025-04-27T19:55:58.620Z] Checked if tokens are valid: true, expires at: 1745785877105
[debug] [2025-04-27T19:55:58.620Z] Checked if tokens are valid: true, expires at: 1745785877105
[debug] [2025-04-27T19:55:58.620Z] >>> [apiv2][query] GET https://firestore.googleapis.com/v1/projects/saasible-12bb7/databases/(default) [none]
[debug] [2025-04-27T19:55:59.660Z] <<< [apiv2][status] GET https://firestore.googleapis.com/v1/projects/saasible-12bb7/databases/(default) 200
[debug] [2025-04-27T19:55:59.660Z] <<< [apiv2][body] GET https://firestore.googleapis.com/v1/projects/saasible-12bb7/databases/(default) {"name":"projects/saasible-12bb7/databases/(default)","uid":"f5e4a063-1981-468b-8789-46d369c6d0c5","createTime":"2025-04-27T19:46:36.936788Z","updateTime":"2025-04-27T19:46:36.936788Z","locationId":"nam5","type":"FIRESTORE_NATIVE","concurrencyMode":"PESSIMISTIC","versionRetentionPeriod":"3600s","earliestVersionTime":"2025-04-27T19:46:36.936788Z","appEngineIntegrationMode":"DISABLED","keyPrefix":"s","pointInTimeRecoveryEnablement":"POINT_IN_TIME_RECOVERY_DISABLED","deleteProtectionState":"DELETE_PROTECTION_DISABLED","databaseEdition":"STANDARD","freeTier":true,"etag":"IKfm4Kb/+IwDMMX5mfr9+IwD"}
[debug] [2025-04-27T19:55:59.660Z] database_type: FIRESTORE_NATIVE
[debug] [2025-04-27T19:55:59.660Z] database_type: FIRESTORE_NATIVE
[debug] [2025-04-27T19:55:59.661Z] > command requires scopes: ["email","openid","https://www.googleapis.com/auth/cloudplatformprojects.readonly","https://www.googleapis.com/auth/firebase","https://www.googleapis.com/auth/cloud-platform"]
[debug] [2025-04-27T19:55:59.661Z] > authorizing via signed-in user (ambikabs29@gmail.com)
[debug] [2025-04-27T19:55:59.661Z] [iam] checking project saasible-12bb7 for permissions ["firebase.projects.get"]
[debug] [2025-04-27T19:55:59.662Z] Checked if tokens are valid: true, expires at: 1745785877105
[debug] [2025-04-27T19:55:59.662Z] Checked if tokens are valid: true, expires at: 1745785877105
[debug] [2025-04-27T19:55:59.662Z] >>> [apiv2][query] POST https://cloudresourcemanager.googleapis.com/v1/projects/saasible-12bb7:testIamPermissions [none]
[debug] [2025-04-27T19:55:59.663Z] >>> [apiv2][(partial)header] POST https://cloudresourcemanager.googleapis.com/v1/projects/saasible-12bb7:testIamPermissions x-goog-quota-user=projects/saasible-12bb7
[debug] [2025-04-27T19:55:59.663Z] >>> [apiv2][body] POST https://cloudresourcemanager.googleapis.com/v1/projects/saasible-12bb7:testIamPermissions {"permissions":["firebase.projects.get"]}
[debug] [2025-04-27T19:56:00.427Z] <<< [apiv2][status] POST https://cloudresourcemanager.googleapis.com/v1/projects/saasible-12bb7:testIamPermissions 200
[debug] [2025-04-27T19:56:00.427Z] <<< [apiv2][body] POST https://cloudresourcemanager.googleapis.com/v1/projects/saasible-12bb7:testIamPermissions {"permissions":["firebase.projects.get"]}
[info] 
[info] Firestore Security Rules allow you to define how and when to allow
[info] requests. You can keep these rules in your project directory
[info] and publish them with firebase deploy.
[info] 
[debug] [2025-04-27T19:56:08.564Z] Checked if tokens are valid: true, expires at: 1745785877105
[debug] [2025-04-27T19:56:08.564Z] Checked if tokens are valid: true, expires at: 1745785877105
[debug] [2025-04-27T19:56:08.565Z] >>> [apiv2][query] GET https://firebaserules.googleapis.com/v1/projects/saasible-12bb7/releases pageSize=10&pageToken=
[debug] [2025-04-27T19:56:09.575Z] <<< [apiv2][status] GET https://firebaserules.googleapis.com/v1/projects/saasible-12bb7/releases 200
[debug] [2025-04-27T19:56:09.575Z] <<< [apiv2][body] GET https://firebaserules.googleapis.com/v1/projects/saasible-12bb7/releases {"releases":[{"name":"projects/saasible-12bb7/releases/cloud.firestore","rulesetName":"projects/saasible-12bb7/rulesets/a56728b9-a5af-4e76-b937-258cf4e9098a","createTime":"2025-04-27T19:46:46.088766Z","updateTime":"2025-04-27T19:46:46.088766Z"}]}
[debug] [2025-04-27T19:56:09.576Z] Found ruleset: projects/saasible-12bb7/rulesets/a56728b9-a5af-4e76-b937-258cf4e9098a
[debug] [2025-04-27T19:56:09.579Z] Checked if tokens are valid: true, expires at: 1745785877105
[debug] [2025-04-27T19:56:09.579Z] Checked if tokens are valid: true, expires at: 1745785877105
[debug] [2025-04-27T19:56:09.579Z] >>> [apiv2][query] GET https://firebaserules.googleapis.com/v1/projects/saasible-12bb7/rulesets/a56728b9-a5af-4e76-b937-258cf4e9098a [none]
[debug] [2025-04-27T19:56:10.526Z] <<< [apiv2][status] GET https://firebaserules.googleapis.com/v1/projects/saasible-12bb7/rulesets/a56728b9-a5af-4e76-b937-258cf4e9098a 200
[debug] [2025-04-27T19:56:10.527Z] <<< [apiv2][body] GET https://firebaserules.googleapis.com/v1/projects/saasible-12bb7/rulesets/a56728b9-a5af-4e76-b937-258cf4e9098a [omitted]
[info] 
[info] Firestore indexes allow you to perform complex queries while
[info] maintaining performance that scales with the size of the result
[info] set. You can keep index definitions in your project directory
[info] and publish them with firebase deploy.
[info] 
[debug] [2025-04-27T19:56:15.315Z] Checked if tokens are valid: true, expires at: 1745785877105
[debug] [2025-04-27T19:56:15.316Z] Checked if tokens are valid: true, expires at: 1745785877105
[debug] [2025-04-27T19:56:15.317Z] Checked if tokens are valid: true, expires at: 1745785877105
[debug] [2025-04-27T19:56:15.317Z] Checked if tokens are valid: true, expires at: 1745785877105
[debug] [2025-04-27T19:56:15.318Z] >>> [apiv2][query] GET https://firestore.googleapis.com/v1/projects/saasible-12bb7/databases/(default)/collectionGroups/-/indexes [none]
[debug] [2025-04-27T19:56:15.324Z] >>> [apiv2][query] GET https://firestore.googleapis.com/v1/projects/saasible-12bb7/databases/(default)/collectionGroups/-/fields?filter=indexConfig.usesAncestorConfig=false OR ttlConfig:* [none]
[debug] [2025-04-27T19:56:16.317Z] <<< [apiv2][status] GET https://firestore.googleapis.com/v1/projects/saasible-12bb7/databases/(default)/collectionGroups/-/indexes 200
[debug] [2025-04-27T19:56:16.319Z] <<< [apiv2][body] GET https://firestore.googleapis.com/v1/projects/saasible-12bb7/databases/(default)/collectionGroups/-/indexes {}
[debug] [2025-04-27T19:56:16.361Z] <<< [apiv2][status] GET https://firestore.googleapis.com/v1/projects/saasible-12bb7/databases/(default)/collectionGroups/-/fields?filter=indexConfig.usesAncestorConfig=false OR ttlConfig:* 200
[debug] [2025-04-27T19:56:16.361Z] <<< [apiv2][body] GET https://firestore.googleapis.com/v1/projects/saasible-12bb7/databases/(default)/collectionGroups/-/fields?filter=indexConfig.usesAncestorConfig=false OR ttlConfig:* {"fields":[{"name":"projects/saasible-12bb7/databases/(default)/collectionGroups/__default__/fields/*","indexConfig":{"indexes":[{"queryScope":"COLLECTION","fields":[{"fieldPath":"*","order":"ASCENDING"}],"state":"READY"},{"queryScope":"COLLECTION","fields":[{"fieldPath":"*","order":"DESCENDING"}],"state":"READY"},{"queryScope":"COLLECTION","fields":[{"fieldPath":"*","arrayConfig":"CONTAINS"}],"state":"READY"}]}}]}
[info] 
=== Genkit Setup
[debug] [2025-04-27T19:56:35.334Z] > command requires scopes: ["email","openid","https://www.googleapis.com/auth/cloudplatformprojects.readonly","https://www.googleapis.com/auth/firebase","https://www.googleapis.com/auth/cloud-platform"]
[debug] [2025-04-27T19:56:35.334Z] > authorizing via signed-in user (ambikabs29@gmail.com)
[debug] [2025-04-27T19:56:35.335Z] [iam] checking project saasible-12bb7 for permissions ["firebase.projects.get"]
[debug] [2025-04-27T19:56:35.336Z] Checked if tokens are valid: true, expires at: 1745785877105
[debug] [2025-04-27T19:56:35.336Z] Checked if tokens are valid: true, expires at: 1745785877105
[debug] [2025-04-27T19:56:35.336Z] >>> [apiv2][query] POST https://cloudresourcemanager.googleapis.com/v1/projects/saasible-12bb7:testIamPermissions [none]
[debug] [2025-04-27T19:56:35.336Z] >>> [apiv2][(partial)header] POST https://cloudresourcemanager.googleapis.com/v1/projects/saasible-12bb7:testIamPermissions x-goog-quota-user=projects/saasible-12bb7
[debug] [2025-04-27T19:56:35.336Z] >>> [apiv2][body] POST https://cloudresourcemanager.googleapis.com/v1/projects/saasible-12bb7:testIamPermissions {"permissions":["firebase.projects.get"]}
[debug] [2025-04-27T19:56:36.083Z] <<< [apiv2][status] POST https://cloudresourcemanager.googleapis.com/v1/projects/saasible-12bb7:testIamPermissions 200
[debug] [2025-04-27T19:56:36.084Z] <<< [apiv2][body] POST https://cloudresourcemanager.googleapis.com/v1/projects/saasible-12bb7:testIamPermissions {"permissions":["firebase.projects.get"]}
[debug] [2025-04-27T19:56:36.084Z] Checked if tokens are valid: true, expires at: 1745785877105
[debug] [2025-04-27T19:56:36.084Z] Checked if tokens are valid: true, expires at: 1745785877105
[debug] [2025-04-27T19:56:36.084Z] Checked if tokens are valid: true, expires at: 1745785877105
[debug] [2025-04-27T19:56:36.084Z] Checked if tokens are valid: true, expires at: 1745785877105
[debug] [2025-04-27T19:56:36.085Z] >>> [apiv2][query] GET https://serviceusage.googleapis.com/v1/projects/saasible-12bb7/services/cloudfunctions.googleapis.com [none]
[debug] [2025-04-27T19:56:36.085Z] >>> [apiv2][(partial)header] GET https://serviceusage.googleapis.com/v1/projects/saasible-12bb7/services/cloudfunctions.googleapis.com x-goog-quota-user=projects/saasible-12bb7
[debug] [2025-04-27T19:56:36.089Z] >>> [apiv2][query] GET https://serviceusage.googleapis.com/v1/projects/saasible-12bb7/services/runtimeconfig.googleapis.com [none]
[debug] [2025-04-27T19:56:36.089Z] >>> [apiv2][(partial)header] GET https://serviceusage.googleapis.com/v1/projects/saasible-12bb7/services/runtimeconfig.googleapis.com x-goog-quota-user=projects/saasible-12bb7
[debug] [2025-04-27T19:56:37.125Z] <<< [apiv2][status] GET https://serviceusage.googleapis.com/v1/projects/saasible-12bb7/services/runtimeconfig.googleapis.com 200
[debug] [2025-04-27T19:56:37.125Z] <<< [apiv2][body] GET https://serviceusage.googleapis.com/v1/projects/saasible-12bb7/services/runtimeconfig.googleapis.com [omitted]
[debug] [2025-04-27T19:56:37.142Z] <<< [apiv2][status] GET https://serviceusage.googleapis.com/v1/projects/saasible-12bb7/services/cloudfunctions.googleapis.com 200
[debug] [2025-04-27T19:56:37.142Z] <<< [apiv2][body] GET https://serviceusage.googleapis.com/v1/projects/saasible-12bb7/services/cloudfunctions.googleapis.com [omitted]
[info] Let's create a new codebase for your functions.
[info] A directory corresponding to the codebase will be created in your project
[info] with sample code pre-configured.

[info] See https://firebase.google.com/docs/functions/organize-functions for
[info] more information on organizing your functions using codebases.

[info] Functions can be deployed with firebase deploy.

[info] ✔  Wrote functions/package.json 
[info] ✔  Wrote functions/.eslintrc.js 
[info] ✔  Wrote functions/tsconfig.json 
[info] ✔  Wrote functions/tsconfig.dev.json 
[info] ✔  Wrote functions/src/index.ts 
[info] ✔  Wrote functions/.gitignore 
[info] 
[info] i  genkit: Installing Genkit CLI version 1.7.0
 
[info] i  genkit: Installing NPM packages for genkit 
[info] ✔  genkit: Successfully installed NPM packages 
[info] i  genkit: Updating tsconfig.json 
[info] ✔  genkit: Successfully updated tsconfig.json 
[info] i  genkit: Updating package.json 
[info] ✔  genkit: Successfully updated package.json 
[info] i  genkit: Generating sample file 
[info] ✔  genkit: Successfully generated sample file (src/genkit-sample.ts) 
[info] 
[info] 
Login to Google Cloud using:
[info]     gcloud auth application-default login --project saasible-12bb7

[info] Then start the Genkit developer experience by running:
[info]     cd functions && npm run genkit:start
[info] 
=== Functions Setup
[debug] [2025-04-27T20:08:26.086Z] > command requires scopes: ["email","openid","https://www.googleapis.com/auth/cloudplatformprojects.readonly","https://www.googleapis.com/auth/firebase","https://www.googleapis.com/auth/cloud-platform"]
[debug] [2025-04-27T20:08:26.087Z] > authorizing via signed-in user (ambikabs29@gmail.com)
[debug] [2025-04-27T20:08:26.087Z] [iam] checking project saasible-12bb7 for permissions ["firebase.projects.get"]
[debug] [2025-04-27T20:08:26.089Z] Checked if tokens are valid: true, expires at: 1745785877105
[debug] [2025-04-27T20:08:26.089Z] Checked if tokens are valid: true, expires at: 1745785877105
[debug] [2025-04-27T20:08:26.089Z] >>> [apiv2][query] POST https://cloudresourcemanager.googleapis.com/v1/projects/saasible-12bb7:testIamPermissions [none]
[debug] [2025-04-27T20:08:26.089Z] >>> [apiv2][(partial)header] POST https://cloudresourcemanager.googleapis.com/v1/projects/saasible-12bb7:testIamPermissions x-goog-quota-user=projects/saasible-12bb7
[debug] [2025-04-27T20:08:26.089Z] >>> [apiv2][body] POST https://cloudresourcemanager.googleapis.com/v1/projects/saasible-12bb7:testIamPermissions {"permissions":["firebase.projects.get"]}
[debug] [2025-04-27T20:08:26.851Z] <<< [apiv2][status] POST https://cloudresourcemanager.googleapis.com/v1/projects/saasible-12bb7:testIamPermissions 200
[debug] [2025-04-27T20:08:26.852Z] <<< [apiv2][body] POST https://cloudresourcemanager.googleapis.com/v1/projects/saasible-12bb7:testIamPermissions {"permissions":["firebase.projects.get"]}
[debug] [2025-04-27T20:08:26.852Z] Checked if tokens are valid: true, expires at: 1745785877105
[debug] [2025-04-27T20:08:26.852Z] Checked if tokens are valid: true, expires at: 1745785877105
[debug] [2025-04-27T20:08:26.852Z] Checked if tokens are valid: true, expires at: 1745785877105
[debug] [2025-04-27T20:08:26.852Z] Checked if tokens are valid: true, expires at: 1745785877105
[debug] [2025-04-27T20:08:26.853Z] >>> [apiv2][query] GET https://serviceusage.googleapis.com/v1/projects/saasible-12bb7/services/cloudfunctions.googleapis.com [none]
[debug] [2025-04-27T20:08:26.853Z] >>> [apiv2][(partial)header] GET https://serviceusage.googleapis.com/v1/projects/saasible-12bb7/services/cloudfunctions.googleapis.com x-goog-quota-user=projects/saasible-12bb7
[debug] [2025-04-27T20:08:26.854Z] >>> [apiv2][query] GET https://serviceusage.googleapis.com/v1/projects/saasible-12bb7/services/runtimeconfig.googleapis.com [none]
[debug] [2025-04-27T20:08:26.854Z] >>> [apiv2][(partial)header] GET https://serviceusage.googleapis.com/v1/projects/saasible-12bb7/services/runtimeconfig.googleapis.com x-goog-quota-user=projects/saasible-12bb7
[debug] [2025-04-27T20:08:27.894Z] <<< [apiv2][status] GET https://serviceusage.googleapis.com/v1/projects/saasible-12bb7/services/runtimeconfig.googleapis.com 200
[debug] [2025-04-27T20:08:27.894Z] <<< [apiv2][body] GET https://serviceusage.googleapis.com/v1/projects/saasible-12bb7/services/runtimeconfig.googleapis.com [omitted]
[debug] [2025-04-27T20:08:27.912Z] <<< [apiv2][status] GET https://serviceusage.googleapis.com/v1/projects/saasible-12bb7/services/cloudfunctions.googleapis.com 200
[debug] [2025-04-27T20:08:27.912Z] <<< [apiv2][body] GET https://serviceusage.googleapis.com/v1/projects/saasible-12bb7/services/cloudfunctions.googleapis.com [omitted]
[info] 
Detected existing codebase(s): default

[info] 
Overwriting codebase default...

[info] ✔  Wrote functions/package.json 
[info] i  functions/index.js is unchanged 
[info] ✔  Wrote functions/.eslintrc.js 
[info] ✔  Wrote functions/.gitignore 
[info] 
=== Apphosting Setup
[debug] [2025-04-27T20:20:39.350Z] Checked if tokens are valid: false, expires at: 1745785877105
[debug] [2025-04-27T20:20:39.350Z] Checked if tokens are valid: false, expires at: 1745785877105
[debug] [2025-04-27T20:20:39.350Z] > refreshing access token with scopes: []
[debug] [2025-04-27T20:20:39.361Z] >>> [apiv2][query] POST https://www.googleapis.com/oauth2/v3/token [none]
[debug] [2025-04-27T20:20:39.362Z] >>> [apiv2][body] POST https://www.googleapis.com/oauth2/v3/token [omitted]
[debug] [2025-04-27T20:20:39.425Z] <<< [apiv2][status] POST https://www.googleapis.com/oauth2/v3/token 200
[debug] [2025-04-27T20:20:39.425Z] <<< [apiv2][body] POST https://www.googleapis.com/oauth2/v3/token [omitted]
[debug] [2025-04-27T20:20:39.488Z] >>> [apiv2][query] GET https://cloudbilling.googleapis.com/v1/projects/saasible-12bb7/billingInfo [none]
[debug] [2025-04-27T20:20:40.518Z] <<< [apiv2][status] GET https://cloudbilling.googleapis.com/v1/projects/saasible-12bb7/billingInfo 200
[debug] [2025-04-27T20:20:40.521Z] <<< [apiv2][body] GET https://cloudbilling.googleapis.com/v1/projects/saasible-12bb7/billingInfo {"name":"projects/saasible-12bb7/billingInfo","projectId":"saasible-12bb7","billingAccountName":"","billingEnabled":false}
[info] i  Writing default settings to apphosting.yaml... 
[info] i  apphosting.yaml is unchanged 
[info] ✔  Create a new App Hosting backend with `firebase apphosting:backends:create` 
[info] 
=== Hosting Setup
[debug] [2025-04-27T20:20:40.524Z] Checked if tokens are valid: true, expires at: 1745788838427
[debug] [2025-04-27T20:20:40.524Z] Checked if tokens are valid: true, expires at: 1745788838427
[debug] [2025-04-27T20:20:40.525Z] >>> [apiv2][query] GET https://firebase.googleapis.com/v1beta1/projects/saasible-12bb7 [none]
[debug] [2025-04-27T20:20:40.783Z] <<< [apiv2][status] GET https://firebase.googleapis.com/v1beta1/projects/saasible-12bb7 200
[debug] [2025-04-27T20:20:40.785Z] <<< [apiv2][body] GET https://firebase.googleapis.com/v1beta1/projects/saasible-12bb7 {"projectId":"saasible-12bb7","projectNumber":"644921617637","displayName":"SaaSible ","name":"projects/saasible-12bb7","resources":{"hostingSite":"saasible-12bb7"},"state":"ACTIVE","etag":"1_c3921c6a-457c-4df2-9e10-ba5bf50350b8"}
[info] 
[info] Your public directory is the folder (relative to your project directory) that
[info] will contain Hosting assets to be uploaded with firebase deploy. If you
[info] have a build process for your assets, use your build's output directory.
[info] 
[info] i  public/404.html is unchanged 
[debug] [2025-04-27T20:21:12.025Z] >>> [apiv2][query] GET https://www.gstatic.com/firebasejs/releases.json [none]
[debug] [2025-04-27T20:21:12.046Z] <<< [apiv2][status] GET https://www.gstatic.com/firebasejs/releases.json 200
[debug] [2025-04-27T20:21:12.046Z] <<< [apiv2][body] GET https://www.gstatic.com/firebasejs/releases.json {"current":{"version":"11.6.1","browserURL":"https://www.gstatic.com/firebasejs/11.6.1/firebase.js","packageURL":"https://www.gstatic.com/firebasejs/11.6.1/firebase.tgz"},"live":{"version":"11.6","browserURL":"https://www.gstatic.com/firebasejs/live/11.6/firebase.js","packageURL":"https://www.gstatic.com/firebasejs/live/11.6/firebase.tgz"},"components":{"analytics":"https://www.gstatic.com/firebasejs/11.6.1/firebase-analytics.js","app":"https://www.gstatic.com/firebasejs/11.6.1/firebase-app.js","app-check":"https://www.gstatic.com/firebasejs/11.6.1/firebase-app-check.js","auth":"https://www.gstatic.com/firebasejs/11.6.1/firebase-auth.js","auth/cordova":"https://www.gstatic.com/firebasejs/11.6.1/firebase-auth/cordova.js","auth/web-extension":"https://www.gstatic.com/firebasejs/11.6.1/firebase-auth/web-extension.js","functions":"https://www.gstatic.com/firebasejs/11.6.1/firebase-functions.js","firestore":"https://www.gstatic.com/firebasejs/11.6.1/firebase-firestore.js","firestore/lite":"https://www.gstatic.com/firebasejs/11.6.1/firebase-firestore/lite.js","installations":"https://www.gstatic.com/firebasejs/11.6.1/firebase-installations.js","storage":"https://www.gstatic.com/firebasejs/11.6.1/firebase-storage.js","performance":"https://www.gstatic.com/firebasejs/11.6.1/firebase-performance.js","remote-config":"https://www.gstatic.com/firebasejs/11.6.1/firebase-remote-config.js","messaging":"https://www.gstatic.com/firebasejs/11.6.1/firebase-messaging.js","messaging/sw":"https://www.gstatic.com/firebasejs/11.6.1/firebase-messaging/sw.js","database":"https://www.gstatic.com/firebasejs/11.6.1/firebase-database.js","vertexai":"https://www.gstatic.com/firebasejs/11.6.1/firebase-vertexai.js","data-connect":"https://www.gstatic.com/firebasejs/11.6.1/firebase-data-connect.js","firestore.memory":"https://www.gstatic.com/firebasejs/11.6.1/firebase-firestore.memory.js"}}
[info] i  public/index.html is unchanged 
[info] 
[info] i  Detected a .git folder at /home/user/studio 
[info] i  Authorizing with GitHub to upload your service account to a GitHub repository's secrets store. 
[info] 
[info] Visit this URL on this device to log in:
[info] https://github.com/login/oauth/authorize?client_id=89cf50f02ac6aaed3484&state=306216326&redirect_uri=http%3A%2F%2Flocalhost%3A9005&scope=read%3Auser%20repo%20public_repo
[info] 
[info] Waiting for authentication...
[debug] [2025-04-27T20:28:22.482Z] ----------------------------------------------------------------------
[debug] [2025-04-27T20:28:22.485Z] Command:       /nix/store/56fk3hhkk2lw9q5wdlq0v1ns65scwja4-nodejs-20.19.0/bin/node /home/user/.global_modules/bin/firebase init
[debug] [2025-04-27T20:28:22.486Z] CLI Version:   14.2.1
[debug] [2025-04-27T20:28:22.486Z] Platform:      linux
[debug] [2025-04-27T20:28:22.487Z] Node Version:  v20.19.0
[debug] [2025-04-27T20:28:22.487Z] Time:          Sun Apr 27 2025 20:28:22 GMT+0000 (Coordinated Universal Time)
[debug] [2025-04-27T20:28:22.487Z] ----------------------------------------------------------------------
[debug] 
[debug] [2025-04-27T20:28:22.495Z] > command requires scopes: ["email","openid","https://www.googleapis.com/auth/cloudplatformprojects.readonly","https://www.googleapis.com/auth/firebase","https://www.googleapis.com/auth/cloud-platform"]
[debug] [2025-04-27T20:28:22.496Z] > authorizing via signed-in user (ambikabs29@gmail.com)
[info] 
     ######## #### ########  ######## ########     ###     ######  ########
     ##        ##  ##     ## ##       ##     ##  ##   ##  ##       ##
     ######    ##  ########  ######   ########  #########  ######  ######
     ##        ##  ##    ##  ##       ##     ## ##     ##       ## ##
     ##       #### ##     ## ######## ########  ##     ##  ######  ########

You're about to initialize a Firebase project in this directory:

  /home/user/studio

[info] 
=== Project Setup
[info] 
[info] First, let's associate this project directory with a Firebase project.
[info] You can create multiple project aliases by running firebase use --add, 
[info] but for now we'll just set up a default project.
[info] 
[debug] [2025-04-27T20:28:32.736Z] Checked if tokens are valid: true, expires at: 1745788838427
[debug] [2025-04-27T20:28:32.738Z] Checked if tokens are valid: true, expires at: 1745788838427
[debug] [2025-04-27T20:28:32.749Z] >>> [apiv2][query] GET https://firebase.googleapis.com/v1beta1/projects pageSize=100
[debug] [2025-04-27T20:28:33.296Z] <<< [apiv2][status] GET https://firebase.googleapis.com/v1beta1/projects 200
[debug] [2025-04-27T20:28:33.297Z] <<< [apiv2][body] GET https://firebase.googleapis.com/v1beta1/projects [omitted]
[info] i  Using project saasible-12bb7 (SaaSible ) 
[info] 
=== Dataconnect Setup
[debug] [2025-04-27T20:28:38.568Z] Checked if tokens are valid: true, expires at: 1745788838427
[debug] [2025-04-27T20:28:38.569Z] Checked if tokens are valid: true, expires at: 1745788838427
[debug] [2025-04-27T20:28:38.569Z] >>> [apiv2][query] GET https://cloudbilling.googleapis.com/v1/projects/saasible-12bb7/billingInfo [none]
[debug] [2025-04-27T20:28:39.572Z] <<< [apiv2][status] GET https://cloudbilling.googleapis.com/v1/projects/saasible-12bb7/billingInfo 200
[debug] [2025-04-27T20:28:39.573Z] <<< [apiv2][body] GET https://cloudbilling.googleapis.com/v1/projects/saasible-12bb7/billingInfo {"name":"projects/saasible-12bb7/billingInfo","projectId":"saasible-12bb7","billingAccountName":"","billingEnabled":false}
[info] i  dataconnect: ensuring required API sqladmin.googleapis.com is enabled... 
[debug] [2025-04-27T20:28:39.579Z] Checked if tokens are valid: true, expires at: 1745788838427
[debug] [2025-04-27T20:28:39.579Z] Checked if tokens are valid: true, expires at: 1745788838427
[debug] [2025-04-27T20:28:39.579Z] >>> [apiv2][query] GET https://serviceusage.googleapis.com/v1/projects/saasible-12bb7/services/sqladmin.googleapis.com [none]
[debug] [2025-04-27T20:28:39.579Z] >>> [apiv2][(partial)header] GET https://serviceusage.googleapis.com/v1/projects/saasible-12bb7/services/sqladmin.googleapis.com x-goog-quota-user=projects/saasible-12bb7
[debug] [2025-04-27T20:28:40.770Z] <<< [apiv2][status] GET https://serviceusage.googleapis.com/v1/projects/saasible-12bb7/services/sqladmin.googleapis.com 200
[debug] [2025-04-27T20:28:40.771Z] <<< [apiv2][body] GET https://serviceusage.googleapis.com/v1/projects/saasible-12bb7/services/sqladmin.googleapis.com [omitted]
[info] ✔  dataconnect: required API sqladmin.googleapis.com is enabled 
[info] i  dataconnect/dataconnect.yaml is unchanged 
[info] i  dataconnect/schema/schema.gql is unchanged 
[info] ✔  Wrote dataconnect/connector/connector.yaml 
[info] i  dataconnect/connector/queries.gql is unchanged 
[info] i  dataconnect/connector/mutations.gql is unchanged 
[info] ✔  Detected WEB app in directory /home/user/studio 
[info] i  Detected react app. Enabling react generated SDKs. 
[info] i  Writing your new SDK configuration to /home/user/studio/dataconnect/connector/connector.yaml 
[info] ✔  Wrote dataconnect/connector/connector.yaml 
[info] I0427 20:29:00.298957   21323 codegen.go:82] [connector "default" javascriptSdk] Generating sources into "/home/user/studio/dataconnect-generated/js/default-connector"
I0427 20:29:00.314213   21323 generate.go:40] Generated all sources. Writing them to disk...
I0427 20:29:00.319758   21323 collector.go:107] connector "default" javascriptSdk wrote into "/home/user/studio/dataconnect-generated/js/default-connector"
Generated sources: esm/package.json [17B] react/index.d.ts [228B] react/README.md [5417B] index.d.ts [246B] esm/index.esm.js [109B] index.cjs.js [144B] package.json [860B] README.md [2774B] react/package.json [468B] react/esm/package.json [17B] react/index.cjs.js [0B] react/esm/index.esm.js [0B] 
I0427 20:29:00.319998   21323 collector.go:114] connector "default" javascriptSdk deleted obsolete file "/home/user/studio/dataconnect-generated/js/default-connector/angular/esm/index.esm.js"
I0427 20:29:00.320241   21323 collector.go:114] connector "default" javascriptSdk deleted obsolete file "/home/user/studio/dataconnect-generated/js/default-connector/angular/esm/package.json"
I0427 20:29:00.321100   21323 collector.go:114] connector "default" javascriptSdk deleted obsolete file "/home/user/studio/dataconnect-generated/js/default-connector/angular/index.cjs.js"
I0427 20:29:00.321384   21323 collector.go:114] connector "default" javascriptSdk deleted obsolete file "/home/user/studio/dataconnect-generated/js/default-connector/angular/index.d.ts"
I0427 20:29:00.321561   21323 collector.go:114] connector "default" javascriptSdk deleted obsolete file "/home/user/studio/dataconnect-generated/js/default-connector/angular/package.json"
I0427 20:29:00.327416   21323 installsdk.go:49] Package @firebasegen/default-connector is already installed. Skipping installation

[info] i  Generated SDK code for default 
[info] i  Visit https://firebase.google.com/docs/data-connect/web-sdk#react for more information on how to set up React Generated SDKs for Firebase Data Connect 
[info] ✔  If you'd like to add more generated SDKs to your app your later, run firebase init dataconnect:sdk again 
[info] i  If you'd like to provision a CloudSQL Postgres instance on the Firebase Data Connect no-cost trial:
1. Please upgrade to the pay-as-you-go (Blaze) billing plan. Visit the following page:
     https://console.firebase.google.com/project/saasible-12bb7/usage/details
2. Run firebase init dataconnect again to configure the Cloud SQL instance.
3. Run firebase deploy --only dataconnect to deploy your Data Connect service. 
[info] 
=== Firestore Setup
[debug] [2025-04-27T20:29:00.344Z] Checked if tokens are valid: true, expires at: 1745788838427
[debug] [2025-04-27T20:29:00.345Z] Checked if tokens are valid: true, expires at: 1745788838427
[debug] [2025-04-27T20:29:00.346Z] >>> [apiv2][query] GET https://serviceusage.googleapis.com/v1/projects/saasible-12bb7/services/firestore.googleapis.com [none]
[debug] [2025-04-27T20:29:00.347Z] >>> [apiv2][(partial)header] GET https://serviceusage.googleapis.com/v1/projects/saasible-12bb7/services/firestore.googleapis.com x-goog-quota-user=projects/saasible-12bb7
[debug] [2025-04-27T20:29:01.438Z] <<< [apiv2][status] GET https://serviceusage.googleapis.com/v1/projects/saasible-12bb7/services/firestore.googleapis.com 200
[debug] [2025-04-27T20:29:01.440Z] <<< [apiv2][body] GET https://serviceusage.googleapis.com/v1/projects/saasible-12bb7/services/firestore.googleapis.com [omitted]
[debug] [2025-04-27T20:29:01.446Z] Checked if tokens are valid: true, expires at: 1745788838427
[debug] [2025-04-27T20:29:01.446Z] Checked if tokens are valid: true, expires at: 1745788838427
[debug] [2025-04-27T20:29:01.446Z] >>> [apiv2][query] GET https://firestore.googleapis.com/v1/projects/saasible-12bb7/databases/(default) [none]
[debug] [2025-04-27T20:29:02.560Z] <<< [apiv2][status] GET https://firestore.googleapis.com/v1/projects/saasible-12bb7/databases/(default) 200
[debug] [2025-04-27T20:29:02.560Z] <<< [apiv2][body] GET https://firestore.googleapis.com/v1/projects/saasible-12bb7/databases/(default) {"name":"projects/saasible-12bb7/databases/(default)","uid":"f5e4a063-1981-468b-8789-46d369c6d0c5","createTime":"2025-04-27T19:46:36.936788Z","updateTime":"2025-04-27T19:46:36.936788Z","locationId":"nam5","type":"FIRESTORE_NATIVE","concurrencyMode":"PESSIMISTIC","versionRetentionPeriod":"3600s","earliestVersionTime":"2025-04-27T19:46:36.936788Z","appEngineIntegrationMode":"DISABLED","keyPrefix":"s","pointInTimeRecoveryEnablement":"POINT_IN_TIME_RECOVERY_DISABLED","deleteProtectionState":"DELETE_PROTECTION_DISABLED","databaseEdition":"STANDARD","freeTier":true,"etag":"IIGSo9iG+YwDMMX5mfr9+IwD"}
[debug] [2025-04-27T20:29:02.560Z] database_type: FIRESTORE_NATIVE
[debug] [2025-04-27T20:29:02.560Z] database_type: FIRESTORE_NATIVE
[debug] [2025-04-27T20:29:02.561Z] > command requires scopes: ["email","openid","https://www.googleapis.com/auth/cloudplatformprojects.readonly","https://www.googleapis.com/auth/firebase","https://www.googleapis.com/auth/cloud-platform"]
[debug] [2025-04-27T20:29:02.561Z] > authorizing via signed-in user (ambikabs29@gmail.com)
[debug] [2025-04-27T20:29:02.561Z] [iam] checking project saasible-12bb7 for permissions ["firebase.projects.get"]
[debug] [2025-04-27T20:29:02.562Z] Checked if tokens are valid: true, expires at: 1745788838427
[debug] [2025-04-27T20:29:02.566Z] Checked if tokens are valid: true, expires at: 1745788838427
[debug] [2025-04-27T20:29:02.566Z] >>> [apiv2][query] POST https://cloudresourcemanager.googleapis.com/v1/projects/saasible-12bb7:testIamPermissions [none]
[debug] [2025-04-27T20:29:02.566Z] >>> [apiv2][(partial)header] POST https://cloudresourcemanager.googleapis.com/v1/projects/saasible-12bb7:testIamPermissions x-goog-quota-user=projects/saasible-12bb7
[debug] [2025-04-27T20:29:02.566Z] >>> [apiv2][body] POST https://cloudresourcemanager.googleapis.com/v1/projects/saasible-12bb7:testIamPermissions {"permissions":["firebase.projects.get"]}
[debug] [2025-04-27T20:29:03.346Z] <<< [apiv2][status] POST https://cloudresourcemanager.googleapis.com/v1/projects/saasible-12bb7:testIamPermissions 200
[debug] [2025-04-27T20:29:03.347Z] <<< [apiv2][body] POST https://cloudresourcemanager.googleapis.com/v1/projects/saasible-12bb7:testIamPermissions {"permissions":["firebase.projects.get"]}
[info] 
[info] Firestore Security Rules allow you to define how and when to allow
[info] requests. You can keep these rules in your project directory
[info] and publish them with firebase deploy.
[info] 
[debug] [2025-04-27T20:29:08.193Z] Checked if tokens are valid: true, expires at: 1745788838427
[debug] [2025-04-27T20:29:08.195Z] Checked if tokens are valid: true, expires at: 1745788838427
[debug] [2025-04-27T20:29:08.197Z] >>> [apiv2][query] GET https://firebaserules.googleapis.com/v1/projects/saasible-12bb7/releases pageSize=10&pageToken=
[debug] [2025-04-27T20:29:09.198Z] <<< [apiv2][status] GET https://firebaserules.googleapis.com/v1/projects/saasible-12bb7/releases 200
[debug] [2025-04-27T20:29:09.200Z] <<< [apiv2][body] GET https://firebaserules.googleapis.com/v1/projects/saasible-12bb7/releases {"releases":[{"name":"projects/saasible-12bb7/releases/cloud.firestore","rulesetName":"projects/saasible-12bb7/rulesets/a56728b9-a5af-4e76-b937-258cf4e9098a","createTime":"2025-04-27T19:46:46.088766Z","updateTime":"2025-04-27T19:46:46.088766Z"}]}
[debug] [2025-04-27T20:29:09.201Z] Found ruleset: projects/saasible-12bb7/rulesets/a56728b9-a5af-4e76-b937-258cf4e9098a
[debug] [2025-04-27T20:29:09.202Z] Checked if tokens are valid: true, expires at: 1745788838427
[debug] [2025-04-27T20:29:09.203Z] Checked if tokens are valid: true, expires at: 1745788838427
[debug] [2025-04-27T20:29:09.204Z] >>> [apiv2][query] GET https://firebaserules.googleapis.com/v1/projects/saasible-12bb7/rulesets/a56728b9-a5af-4e76-b937-258cf4e9098a [none]
[debug] [2025-04-27T20:29:10.160Z] <<< [apiv2][status] GET https://firebaserules.googleapis.com/v1/projects/saasible-12bb7/rulesets/a56728b9-a5af-4e76-b937-258cf4e9098a 200
[debug] [2025-04-27T20:29:10.160Z] <<< [apiv2][body] GET https://firebaserules.googleapis.com/v1/projects/saasible-12bb7/rulesets/a56728b9-a5af-4e76-b937-258cf4e9098a [omitted]
[info] 
[info] Firestore indexes allow you to perform complex queries while
[info] maintaining performance that scales with the size of the result
[info] set. You can keep index definitions in your project directory
[info] and publish them with firebase deploy.
[info] 
[debug] [2025-04-27T20:29:24.770Z] Checked if tokens are valid: true, expires at: 1745788838427
[debug] [2025-04-27T20:29:24.771Z] Checked if tokens are valid: true, expires at: 1745788838427
[debug] [2025-04-27T20:29:24.772Z] Checked if tokens are valid: true, expires at: 1745788838427
[debug] [2025-04-27T20:29:24.772Z] Checked if tokens are valid: true, expires at: 1745788838427
[debug] [2025-04-27T20:29:24.772Z] >>> [apiv2][query] GET https://firestore.googleapis.com/v1/projects/saasible-12bb7/databases/(default)/collectionGroups/-/indexes [none]
[debug] [2025-04-27T20:29:24.778Z] >>> [apiv2][query] GET https://firestore.googleapis.com/v1/projects/saasible-12bb7/databases/(default)/collectionGroups/-/fields?filter=indexConfig.usesAncestorConfig=false OR ttlConfig:* [none]
[debug] [2025-04-27T20:29:25.774Z] <<< [apiv2][status] GET https://firestore.googleapis.com/v1/projects/saasible-12bb7/databases/(default)/collectionGroups/-/fields?filter=indexConfig.usesAncestorConfig=false OR ttlConfig:* 200
[debug] [2025-04-27T20:29:25.774Z] <<< [apiv2][body] GET https://firestore.googleapis.com/v1/projects/saasible-12bb7/databases/(default)/collectionGroups/-/fields?filter=indexConfig.usesAncestorConfig=false OR ttlConfig:* {"fields":[{"name":"projects/saasible-12bb7/databases/(default)/collectionGroups/__default__/fields/*","indexConfig":{"indexes":[{"queryScope":"COLLECTION","fields":[{"fieldPath":"*","order":"ASCENDING"}],"state":"READY"},{"queryScope":"COLLECTION","fields":[{"fieldPath":"*","order":"DESCENDING"}],"state":"READY"},{"queryScope":"COLLECTION","fields":[{"fieldPath":"*","arrayConfig":"CONTAINS"}],"state":"READY"}]}}]}
[debug] [2025-04-27T20:29:25.799Z] <<< [apiv2][status] GET https://firestore.googleapis.com/v1/projects/saasible-12bb7/databases/(default)/collectionGroups/-/indexes 200
[debug] [2025-04-27T20:29:25.804Z] <<< [apiv2][body] GET https://firestore.googleapis.com/v1/projects/saasible-12bb7/databases/(default)/collectionGroups/-/indexes {}
[info] 
=== Genkit Setup
[debug] [2025-04-27T20:29:36.643Z] > command requires scopes: ["email","openid","https://www.googleapis.com/auth/cloudplatformprojects.readonly","https://www.googleapis.com/auth/firebase","https://www.googleapis.com/auth/cloud-platform"]
[debug] [2025-04-27T20:29:36.643Z] > authorizing via signed-in user (ambikabs29@gmail.com)
[debug] [2025-04-27T20:29:36.644Z] [iam] checking project saasible-12bb7 for permissions ["firebase.projects.get"]
[debug] [2025-04-27T20:29:36.644Z] Checked if tokens are valid: true, expires at: 1745788838427
[debug] [2025-04-27T20:29:36.644Z] Checked if tokens are valid: true, expires at: 1745788838427
[debug] [2025-04-27T20:29:36.645Z] >>> [apiv2][query] POST https://cloudresourcemanager.googleapis.com/v1/projects/saasible-12bb7:testIamPermissions [none]
[debug] [2025-04-27T20:29:36.645Z] >>> [apiv2][(partial)header] POST https://cloudresourcemanager.googleapis.com/v1/projects/saasible-12bb7:testIamPermissions x-goog-quota-user=projects/saasible-12bb7
[debug] [2025-04-27T20:29:36.645Z] >>> [apiv2][body] POST https://cloudresourcemanager.googleapis.com/v1/projects/saasible-12bb7:testIamPermissions {"permissions":["firebase.projects.get"]}
[debug] [2025-04-27T20:29:37.404Z] <<< [apiv2][status] POST https://cloudresourcemanager.googleapis.com/v1/projects/saasible-12bb7:testIamPermissions 200
[debug] [2025-04-27T20:29:37.404Z] <<< [apiv2][body] POST https://cloudresourcemanager.googleapis.com/v1/projects/saasible-12bb7:testIamPermissions {"permissions":["firebase.projects.get"]}
[debug] [2025-04-27T20:29:37.404Z] Checked if tokens are valid: true, expires at: 1745788838427
[debug] [2025-04-27T20:29:37.404Z] Checked if tokens are valid: true, expires at: 1745788838427
[debug] [2025-04-27T20:29:37.404Z] Checked if tokens are valid: true, expires at: 1745788838427
[debug] [2025-04-27T20:29:37.405Z] Checked if tokens are valid: true, expires at: 1745788838427
[debug] [2025-04-27T20:29:37.405Z] >>> [apiv2][query] GET https://serviceusage.googleapis.com/v1/projects/saasible-12bb7/services/cloudfunctions.googleapis.com [none]
[debug] [2025-04-27T20:29:37.405Z] >>> [apiv2][(partial)header] GET https://serviceusage.googleapis.com/v1/projects/saasible-12bb7/services/cloudfunctions.googleapis.com x-goog-quota-user=projects/saasible-12bb7
[debug] [2025-04-27T20:29:37.416Z] >>> [apiv2][query] GET https://serviceusage.googleapis.com/v1/projects/saasible-12bb7/services/runtimeconfig.googleapis.com [none]
[debug] [2025-04-27T20:29:37.417Z] >>> [apiv2][(partial)header] GET https://serviceusage.googleapis.com/v1/projects/saasible-12bb7/services/runtimeconfig.googleapis.com x-goog-quota-user=projects/saasible-12bb7
[debug] [2025-04-27T20:29:38.428Z] <<< [apiv2][status] GET https://serviceusage.googleapis.com/v1/projects/saasible-12bb7/services/runtimeconfig.googleapis.com 200
[debug] [2025-04-27T20:29:38.428Z] <<< [apiv2][body] GET https://serviceusage.googleapis.com/v1/projects/saasible-12bb7/services/runtimeconfig.googleapis.com [omitted]
[debug] [2025-04-27T20:29:38.437Z] <<< [apiv2][status] GET https://serviceusage.googleapis.com/v1/projects/saasible-12bb7/services/cloudfunctions.googleapis.com 200
[debug] [2025-04-27T20:29:38.440Z] <<< [apiv2][body] GET https://serviceusage.googleapis.com/v1/projects/saasible-12bb7/services/cloudfunctions.googleapis.com [omitted]
[info] Let's create a new codebase for your functions.
[info] A directory corresponding to the codebase will be created in your project
[info] with sample code pre-configured.

[info] See https://firebase.google.com/docs/functions/organize-functions for
[info] more information on organizing your functions using codebases.

[info] Functions can be deployed with firebase deploy.

[info] ✔  Wrote functions/package.json 
[info] ✔  Wrote functions/.eslintrc.js 
[info] ✔  Wrote functions/tsconfig.json 
[info] i  functions/tsconfig.dev.json is unchanged 
[info] i  functions/src/index.ts is unchanged 
[info] ✔  Wrote functions/.gitignore 
[info] 
[info] i  genkit: Installing Genkit CLI version 1.7.0
 
